\BOOKMARK [1][-]{section.1}{\376\377\000I\000n\000t\000r\000o\000d\000u\000c\000t\000i\000o\000n}{}% 1
\BOOKMARK [2][-]{subsection.1.1}{\376\377\000P\000i\000x\000e\000l\000\040\000A\000r\000t}{section.1}% 2
\BOOKMARK [3][-]{subsubsection.1.1.1}{\376\377\000M\000o\000d\000e\000r\000n\000\040\000a\000p\000p\000l\000i\000c\000a\000t\000i\000o\000n\000s}{subsection.1.1}% 3
\BOOKMARK [2][-]{subsection.1.2}{\376\377\000V\000e\000c\000t\000o\000r\000\040\000G\000r\000a\000p\000h\000i\000c\000s}{section.1}% 4
\BOOKMARK [3][-]{subsubsection.1.2.1}{\376\377\000R\000a\000s\000t\000e\000r\000i\000z\000a\000t\000i\000o\000n}{subsection.1.2}% 5
\BOOKMARK [3][-]{subsubsection.1.2.2}{\376\377\000A\000p\000p\000l\000i\000c\000a\000t\000i\000o\000n\000s}{subsection.1.2}% 6
\BOOKMARK [2][-]{subsection.1.3}{\376\377\000M\000o\000t\000i\000v\000a\000t\000i\000o\000n}{section.1}% 7
\BOOKMARK [3][-]{subsubsection.1.3.1}{\376\377\000T\000h\000e\000\040\000p\000i\000x\000e\000l\000\040\000a\000r\000t\000\040\000a\000p\000p\000e\000a\000l}{subsection.1.3}% 8
\BOOKMARK [3][-]{subsubsection.1.3.2}{\376\377\000V\000e\000c\000t\000o\000r\000\040\000g\000r\000a\000p\000h\000i\000c\000s\000\040\000v\000s\000.\000\040\000r\000a\000s\000t\000e\000r\000\040\000g\000r\000a\000p\000h\000i\000c\000s}{subsection.1.3}% 9
\BOOKMARK [1][-]{section.2}{\376\377\000S\000t\000a\000t\000e\000\040\000o\000f\000\040\000t\000h\000e\000\040\000A\000r\000t}{}% 10
\BOOKMARK [2][-]{subsection.2.1}{\376\377\000G\000e\000n\000e\000r\000a\000l\000\040\000I\000m\000a\000g\000e\000\040\000U\000p\000s\000a\000m\000p\000l\000i\000n\000g}{section.2}% 11
\BOOKMARK [3][-]{subsubsection.2.1.1}{\376\377\000N\000o\000n\000-\000a\000d\000a\000p\000t\000i\000v\000e\000\040\000m\000e\000t\000h\000o\000d\000s}{subsection.2.1}% 12
\BOOKMARK [3][-]{subsubsection.2.1.2}{\376\377\000A\000d\000a\000p\000t\000i\000v\000e\000\040\000m\000e\000t\000h\000o\000d\000s}{subsection.2.1}% 13
\BOOKMARK [2][-]{subsection.2.2}{\376\377\000P\000i\000x\000e\000l\000\040\000A\000r\000t\000\040\000U\000p\000s\000c\000a\000l\000i\000n\000g\000\040\000T\000e\000c\000h\000n\000i\000q\000u\000e\000s}{section.2}% 14
\BOOKMARK [2][-]{subsection.2.3}{\376\377\000I\000m\000a\000g\000e\000\040\000V\000e\000c\000t\000o\000r\000i\000z\000a\000t\000i\000o\000n}{section.2}% 15
\BOOKMARK [1][-]{section.3}{\376\377\000P\000r\000o\000j\000e\000c\000t\000\040\000r\000e\000q\000u\000i\000r\000e\000m\000e\000n\000t\000s\000\040\000a\000n\000d\000\040\000a\000n\000a\000l\000y\000s\000i\000s}{}% 16
\BOOKMARK [2][-]{subsection.3.1}{\376\377\000C\000h\000a\000l\000l\000e\000n\000g\000e\000s}{section.3}% 17
\BOOKMARK [2][-]{subsection.3.2}{\376\377\000A\000l\000g\000o\000r\000i\000t\000h\000m\000\040\000o\000v\000e\000r\000v\000i\000e\000w}{section.3}% 18
\BOOKMARK [2][-]{subsection.3.3}{\376\377\000P\000r\000o\000g\000r\000a\000m\000m\000i\000n\000g\000\040\000l\000a\000n\000g\000u\000a\000g\000e}{section.3}% 19
\BOOKMARK [2][-]{subsection.3.4}{\376\377\000V\000e\000c\000t\000o\000r\000\040\000f\000i\000l\000e\000\040\000f\000o\000r\000m\000a\000t}{section.3}% 20
\BOOKMARK [3][-]{subsubsection.3.4.1}{\376\377\000P\000l\000a\000n\000i\000f\000i\000c\000a\000t\000i\000o\000n}{subsection.3.4}% 21
\BOOKMARK [1][-]{section.4}{\376\377\000P\000r\000o\000j\000e\000c\000t\000\040\000d\000e\000s\000i\000g\000n}{}% 22
\BOOKMARK [2][-]{subsection.4.1}{\376\377\000R\000a\000s\000t\000e\000r\000\040\000t\000o\000\040\000s\000i\000m\000i\000l\000a\000r\000i\000t\000y\000\040\000g\000r\000a\000p\000h}{section.4}% 23
\BOOKMARK [3][-]{subsubsection.4.1.1}{\376\377\000C\000o\000n\000s\000t\000r\000u\000c\000t\000i\000o\000n\000\040\000o\000f\000\040\000t\000h\000e\000\040\000c\000o\000m\000p\000o\000n\000e\000n\000t\000s}{subsection.4.1}% 24
\BOOKMARK [3][-]{subsubsection.4.1.2}{\376\377\000F\000i\000n\000d\000i\000n\000g\000\040\000t\000h\000e\000\040\000c\000o\000n\000n\000e\000c\000t\000i\000v\000i\000t\000y\000\040\000i\000s\000s\000u\000e\000s}{subsection.4.1}% 25
\BOOKMARK [2][-]{subsection.4.2}{\376\377\000S\000i\000m\000p\000l\000i\000f\000y\000\040\000g\000r\000a\000p\000h\000\040\000a\000n\000d\000\040\000r\000e\000s\000o\000l\000v\000e\000\040\000a\000m\000b\000i\000g\000u\000i\000t\000i\000e\000s}{section.4}% 26
\BOOKMARK [3][-]{subsubsection.4.2.1}{\376\377\000G\000e\000s\000t\000a\000l\000t\000\040\000p\000s\000y\000c\000h\000o\000l\000o\000g\000y}{subsection.4.2}% 27
\BOOKMARK [2][-]{subsection.4.3}{\376\377\000R\000e\000s\000h\000a\000p\000e\000\040\000p\000i\000x\000e\000l\000s}{section.4}% 28
\BOOKMARK [3][-]{subsubsection.4.3.1}{\376\377\000V\000o\000r\000o\000n\000o\000i\000\040\000d\000i\000a\000g\000r\000a\000m}{subsection.4.3}% 29
\BOOKMARK [2][-]{subsection.4.4}{\376\377\000F\000i\000n\000d\000\040\000a\000n\000d\000\040\000c\000o\000n\000n\000e\000c\000t\000\040\000c\000o\000n\000t\000o\000u\000r\000s}{section.4}% 30
\BOOKMARK [2][-]{subsection.4.5}{\376\377\000B\000u\000i\000l\000d\000\040\000c\000o\000m\000p\000o\000n\000e\000n\000t\000s}{section.4}% 31
\BOOKMARK [2][-]{subsection.4.6}{\376\377\000E\000x\000t\000r\000a\000c\000t\000\040\000s\000p\000l\000i\000n\000e\000\040\000c\000u\000r\000v\000e\000s}{section.4}% 32
\BOOKMARK [3][-]{subsubsection.4.6.1}{\376\377\000B\000\351\000z\000i\000e\000r\000\040\000c\000u\000r\000v\000e\000s}{subsection.4.6}% 33
\BOOKMARK [3][-]{subsubsection.4.6.2}{\376\377\000B\000-\000s\000p\000l\000i\000n\000e\000s}{subsection.4.6}% 34
\BOOKMARK [3][-]{subsubsection.4.6.3}{\376\377\000F\000i\000t\000\040\000B\000-\000s\000p\000l\000i\000n\000e\000s}{subsection.4.6}% 35
\BOOKMARK [3][-]{subsubsection.4.6.4}{\376\377\000E\000x\000t\000r\000a\000c\000t\000\040\000B\000\351\000z\000i\000e\000r\000\040\000c\000u\000r\000v\000e\000s\000\040\000f\000r\000o\000m\000\040\000B\000-\000s\000p\000l\000i\000n\000e\000s}{subsection.4.6}% 36
\BOOKMARK [3][-]{subsubsection.4.6.5}{\376\377\000I\000n\000t\000e\000r\000p\000o\000l\000a\000t\000i\000o\000n\000\040\000b\000y\000\040\000B\000-\000s\000p\000l\000i\000n\000e\000s}{subsection.4.6}% 37
\BOOKMARK [2][-]{subsection.4.7}{\376\377\000S\000m\000o\000o\000t\000h\000e\000n\000\040\000s\000p\000l\000i\000n\000e\000s}{section.4}% 38
\BOOKMARK [3][-]{subsubsection.4.7.1}{\376\377\000C\000o\000r\000n\000e\000r\000\040\000d\000e\000t\000e\000c\000t\000i\000o\000n}{subsection.4.7}% 39
\BOOKMARK [2][-]{subsection.4.8}{\376\377\000A\000d\000d\000\040\000s\000h\000a\000d\000i\000n\000g\000s}{section.4}% 40
\BOOKMARK [2][-]{subsection.4.9}{\376\377\000G\000r\000a\000p\000h\000i\000c\000\040\000u\000s\000e\000r\000\040\000i\000n\000t\000e\000r\000f\000a\000c\000e}{section.4}% 41
\BOOKMARK [2][-]{subsection.4.10}{\376\377\000V\000e\000c\000t\000o\000r\000\040\000r\000e\000s\000u\000l\000t}{section.4}% 42
\BOOKMARK [1][-]{section.5}{\376\377\000I\000m\000p\000l\000e\000m\000e\000n\000t\000a\000t\000i\000o\000n\000\040\000i\000s\000s\000u\000e\000s}{}% 43
\BOOKMARK [2][-]{subsection.5.1}{\376\377\000G\000r\000a\000p\000h\000\040\000t\000r\000a\000v\000e\000r\000s\000a\000l}{section.5}% 44
\BOOKMARK [1][-]{section.6}{\376\377\000R\000e\000s\000u\000l\000t\000s}{}% 45
\BOOKMARK [2][-]{subsection.6.1}{\376\377\000L\000i\000m\000i\000t\000a\000t\000i\000o\000n\000s}{section.6}% 46
\BOOKMARK [1][-]{section.7}{\376\377\000C\000o\000n\000c\000l\000u\000s\000i\000o\000n\000s}{}% 47
\BOOKMARK [2][-]{subsection.7.1}{\376\377\000F\000u\000t\000u\000r\000e\000\040\000w\000o\000r\000k}{section.7}% 48
\BOOKMARK [3][-]{subsubsection.7.1.1}{\376\377\000I\000m\000p\000r\000o\000v\000e\000\040\000h\000e\000u\000r\000i\000s\000t\000i\000c\000s}{subsection.7.1}% 49
\BOOKMARK [3][-]{subsubsection.7.1.2}{\376\377\000I\000m\000p\000r\000o\000v\000e\000\040\000s\000h\000a\000d\000i\000n\000g\000s}{subsection.7.1}% 50
\BOOKMARK [3][-]{subsubsection.7.1.3}{\376\377\000I\000m\000p\000r\000o\000v\000e\000\040\000h\000a\000n\000d\000l\000i\000n\000g\000\040\000o\000f\000\040\000a\000n\000t\000i\000-\000a\000l\000i\000a\000s\000e\000d\000\040\000p\000i\000c\000t\000u\000r\000e\000s}{subsection.7.1}% 51
\BOOKMARK [3][-]{subsubsection.7.1.4}{\376\377\000I\000m\000p\000r\000o\000v\000e\000\040\000h\000a\000n\000d\000l\000i\000n\000g\000\040\000o\000f\000\040\000c\000h\000e\000c\000k\000e\000d\000\040\000b\000o\000a\000r\000d\000\040\000p\000a\000t\000t\000e\000r\000n\000s}{subsection.7.1}% 52
\BOOKMARK [3][-]{subsubsection.7.1.5}{\376\377\000I\000m\000p\000r\000o\000v\000e\000\040\000u\000s\000e\000r\000\040\000i\000n\000t\000e\000r\000f\000a\000c\000e}{subsection.7.1}% 53
\BOOKMARK [3][-]{subsubsection.7.1.6}{\376\377\000I\000m\000p\000r\000o\000v\000e\000\040\000c\000o\000r\000n\000e\000r\000\040\000d\000e\000t\000e\000c\000t\000i\000o\000n}{subsection.7.1}% 54
\BOOKMARK [3][-]{subsubsection.7.1.7}{\376\377\000I\000m\000p\000r\000o\000v\000e\000\040\000p\000e\000r\000f\000o\000r\000m\000a\000n\000c\000e}{subsection.7.1}% 55
\BOOKMARK [3][-]{subsubsection.7.1.8}{\376\377\000R\000e\000d\000u\000c\000e\000\040\000f\000i\000l\000e\000\040\000s\000i\000z\000e}{subsection.7.1}% 56
\BOOKMARK [2][-]{subsection.7.2}{\376\377\000A\000c\000k\000n\000o\000w\000l\000e\000d\000g\000m\000e\000n\000t\000s}{section.7}% 57
